1730338104.940195 client started (9241): version 3.4, socket /private/tmp/tmux-501/default, protocol 8
1730338104.940291 on Darwin 23.5.0 Darwin Kernel Version 23.5.0: Wed May  1 20:14:38 PDT 2024; root:xnu-10063.121.3~5/RELEASE_ARM64_T6020
1730338104.940308 using libevent 2.1.12-stable select
1730338104.940337 using utf8proc 2.9.0
1730338104.940344 using ncurses 6.5 20240427
1730338104.940362 flags are 0x10010000
1730338104.940377 socket is /private/tmp/tmux-501/default
1730338104.940392 trying connect
1730338104.940445 add peer 0x150048000: 6 (0x0)
1730338104.944080 sending message 100 to peer 0x150048000 (4 bytes)
1730338104.944105 sending message 111 to peer 0x150048000 (8 bytes)
1730338104.944114 sending message 101 to peer 0x150048000 (14 bytes)
1730338104.944120 sending message 109 to peer 0x150048000 (4 bytes)
1730338104.944126 sending message 102 to peer 0x150048000 (13 bytes)
1730338104.944131 sending message 108 to peer 0x150048000 (39 bytes)
1730338104.944136 sending message 112 to peer 0x150048000 (70 bytes)
1730338104.944144 sending message 112 to peer 0x150048000 (5 bytes)
1730338104.944150 sending message 112 to peer 0x150048000 (5 bytes)
1730338104.944155 sending message 112 to peer 0x150048000 (6 bytes)
1730338104.944161 sending message 112 to peer 0x150048000 (6 bytes)
1730338104.944165 sending message 112 to peer 0x150048000 (11 bytes)
1730338104.944170 sending message 112 to peer 0x150048000 (10 bytes)
1730338104.944175 sending message 112 to peer 0x150048000 (13 bytes)
1730338104.944180 sending message 112 to peer 0x150048000 (13 bytes)
1730338104.944184 sending message 112 to peer 0x150048000 (18 bytes)
1730338104.944192 sending message 112 to peer 0x150048000 (11 bytes)
1730338104.944197 sending message 112 to peer 0x150048000 (10 bytes)
1730338104.944202 sending message 112 to peer 0x150048000 (15 bytes)
1730338104.944206 sending message 112 to peer 0x150048000 (21 bytes)
1730338104.944211 sending message 112 to peer 0x150048000 (13 bytes)
1730338104.944216 sending message 112 to peer 0x150048000 (7 bytes)
1730338104.944221 sending message 112 to peer 0x150048000 (13 bytes)
1730338104.944225 sending message 112 to peer 0x150048000 (7 bytes)
1730338104.944230 sending message 112 to peer 0x150048000 (13 bytes)
1730338104.944235 sending message 112 to peer 0x150048000 (9 bytes)
1730338104.944240 sending message 112 to peer 0x150048000 (21 bytes)
1730338104.944244 sending message 112 to peer 0x150048000 (13 bytes)
1730338104.944249 sending message 112 to peer 0x150048000 (8 bytes)
1730338104.944254 sending message 112 to peer 0x150048000 (12 bytes)
1730338104.944259 sending message 112 to peer 0x150048000 (13 bytes)
1730338104.944264 sending message 112 to peer 0x150048000 (9 bytes)
1730338104.944268 sending message 112 to peer 0x150048000 (9 bytes)
1730338104.944273 sending message 112 to peer 0x150048000 (12 bytes)
1730338104.944277 sending message 112 to peer 0x150048000 (8 bytes)
1730338104.944282 sending message 112 to peer 0x150048000 (8 bytes)
1730338104.944287 sending message 112 to peer 0x150048000 (7 bytes)
1730338104.944291 sending message 112 to peer 0x150048000 (7 bytes)
1730338104.944296 sending message 112 to peer 0x150048000 (9 bytes)
1730338104.944300 sending message 112 to peer 0x150048000 (13 bytes)
1730338104.944305 sending message 112 to peer 0x150048000 (6 bytes)
1730338104.944310 sending message 112 to peer 0x150048000 (9 bytes)
1730338104.944314 sending message 112 to peer 0x150048000 (15 bytes)
1730338104.944319 sending message 112 to peer 0x150048000 (13 bytes)
1730338104.944324 sending message 112 to peer 0x150048000 (12 bytes)
1730338104.944328 sending message 112 to peer 0x150048000 (8 bytes)
1730338104.944333 sending message 112 to peer 0x150048000 (14 bytes)
1730338104.944338 sending message 112 to peer 0x150048000 (11 bytes)
1730338104.944342 sending message 112 to peer 0x150048000 (9 bytes)
1730338104.944347 sending message 112 to peer 0x150048000 (10 bytes)
1730338104.944352 sending message 112 to peer 0x150048000 (10 bytes)
1730338104.944356 sending message 112 to peer 0x150048000 (10 bytes)
1730338104.944377 sending message 112 to peer 0x150048000 (10 bytes)
1730338104.944381 sending message 112 to peer 0x150048000 (11 bytes)
1730338104.944384 sending message 112 to peer 0x150048000 (12 bytes)
1730338104.944387 sending message 112 to peer 0x150048000 (12 bytes)
1730338104.944390 sending message 112 to peer 0x150048000 (12 bytes)
1730338104.944393 sending message 112 to peer 0x150048000 (12 bytes)
1730338104.944396 sending message 112 to peer 0x150048000 (12 bytes)
1730338104.944399 sending message 112 to peer 0x150048000 (11 bytes)
1730338104.944403 sending message 112 to peer 0x150048000 (11 bytes)
1730338104.944406 sending message 112 to peer 0x150048000 (12 bytes)
1730338104.944409 sending message 112 to peer 0x150048000 (12 bytes)
1730338104.944412 sending message 112 to peer 0x150048000 (12 bytes)
1730338104.944415 sending message 112 to peer 0x150048000 (12 bytes)
1730338104.944418 sending message 112 to peer 0x150048000 (12 bytes)
1730338104.944421 sending message 112 to peer 0x150048000 (10 bytes)
1730338104.944424 sending message 112 to peer 0x150048000 (12 bytes)
1730338104.944427 sending message 112 to peer 0x150048000 (13 bytes)
1730338104.944430 sending message 112 to peer 0x150048000 (13 bytes)
1730338104.944433 sending message 112 to peer 0x150048000 (13 bytes)
1730338104.944436 sending message 112 to peer 0x150048000 (13 bytes)
1730338104.944440 sending message 112 to peer 0x150048000 (13 bytes)
1730338104.944443 sending message 112 to peer 0x150048000 (8 bytes)
1730338104.944446 sending message 112 to peer 0x150048000 (11 bytes)
1730338104.944449 sending message 112 to peer 0x150048000 (11 bytes)
1730338104.944452 sending message 112 to peer 0x150048000 (11 bytes)
1730338104.944455 sending message 112 to peer 0x150048000 (12 bytes)
1730338104.944458 sending message 112 to peer 0x150048000 (12 bytes)
1730338104.944461 sending message 112 to peer 0x150048000 (12 bytes)
1730338104.944464 sending message 112 to peer 0x150048000 (12 bytes)
1730338104.944467 sending message 112 to peer 0x150048000 (13 bytes)
1730338104.944470 sending message 112 to peer 0x150048000 (13 bytes)
1730338104.944473 sending message 112 to peer 0x150048000 (13 bytes)
1730338104.944476 sending message 112 to peer 0x150048000 (8 bytes)
1730338104.944480 sending message 112 to peer 0x150048000 (13 bytes)
1730338104.944483 sending message 112 to peer 0x150048000 (13 bytes)
1730338104.944486 sending message 112 to peer 0x150048000 (13 bytes)
1730338104.944489 sending message 112 to peer 0x150048000 (13 bytes)
1730338104.944492 sending message 112 to peer 0x150048000 (13 bytes)
1730338104.944495 sending message 112 to peer 0x150048000 (12 bytes)
1730338104.944498 sending message 112 to peer 0x150048000 (12 bytes)
1730338104.944501 sending message 112 to peer 0x150048000 (12 bytes)
1730338104.944504 sending message 112 to peer 0x150048000 (12 bytes)
1730338104.944507 sending message 112 to peer 0x150048000 (13 bytes)
1730338104.944510 sending message 112 to peer 0x150048000 (8 bytes)
1730338104.944513 sending message 112 to peer 0x150048000 (13 bytes)
1730338104.944517 sending message 112 to peer 0x150048000 (13 bytes)
1730338104.944520 sending message 112 to peer 0x150048000 (13 bytes)
1730338104.944523 sending message 112 to peer 0x150048000 (13 bytes)
1730338104.944526 sending message 112 to peer 0x150048000 (13 bytes)
1730338104.944529 sending message 112 to peer 0x150048000 (13 bytes)
1730338104.944532 sending message 112 to peer 0x150048000 (13 bytes)
1730338104.944535 sending message 112 to peer 0x150048000 (12 bytes)
1730338104.944538 sending message 112 to peer 0x150048000 (12 bytes)
1730338104.944541 sending message 112 to peer 0x150048000 (12 bytes)
1730338104.944544 sending message 112 to peer 0x150048000 (8 bytes)
1730338104.944547 sending message 112 to peer 0x150048000 (12 bytes)
1730338104.944550 sending message 112 to peer 0x150048000 (13 bytes)
1730338104.944553 sending message 112 to peer 0x150048000 (13 bytes)
1730338104.944556 sending message 112 to peer 0x150048000 (13 bytes)
1730338104.944559 sending message 112 to peer 0x150048000 (13 bytes)
1730338104.944570 sending message 112 to peer 0x150048000 (13 bytes)
1730338104.944573 sending message 112 to peer 0x150048000 (13 bytes)
1730338104.944576 sending message 112 to peer 0x150048000 (13 bytes)
1730338104.944579 sending message 112 to peer 0x150048000 (13 bytes)
1730338104.944582 sending message 112 to peer 0x150048000 (12 bytes)
1730338104.944585 sending message 112 to peer 0x150048000 (10 bytes)
1730338104.944589 sending message 112 to peer 0x150048000 (12 bytes)
1730338104.944592 sending message 112 to peer 0x150048000 (12 bytes)
1730338104.944595 sending message 112 to peer 0x150048000 (12 bytes)
1730338104.944598 sending message 112 to peer 0x150048000 (13 bytes)
1730338104.944601 sending message 112 to peer 0x150048000 (13 bytes)
1730338104.944604 sending message 112 to peer 0x150048000 (13 bytes)
1730338104.944607 sending message 112 to peer 0x150048000 (13 bytes)
1730338104.944610 sending message 112 to peer 0x150048000 (13 bytes)
1730338104.944613 sending message 112 to peer 0x150048000 (13 bytes)
1730338104.944617 sending message 112 to peer 0x150048000 (13 bytes)
1730338104.944620 sending message 112 to peer 0x150048000 (10 bytes)
1730338104.944623 sending message 112 to peer 0x150048000 (13 bytes)
1730338104.944626 sending message 112 to peer 0x150048000 (12 bytes)
1730338104.944629 sending message 112 to peer 0x150048000 (12 bytes)
1730338104.944632 sending message 112 to peer 0x150048000 (12 bytes)
1730338104.944635 sending message 112 to peer 0x150048000 (10 bytes)
1730338104.944638 sending message 112 to peer 0x150048000 (10 bytes)
1730338104.944641 sending message 112 to peer 0x150048000 (10 bytes)
1730338104.944644 sending message 112 to peer 0x150048000 (12 bytes)
1730338104.944647 sending message 112 to peer 0x150048000 (13 bytes)
1730338104.944651 sending message 112 to peer 0x150048000 (13 bytes)
1730338104.944654 sending message 112 to peer 0x150048000 (13 bytes)
1730338104.944657 sending message 112 to peer 0x150048000 (13 bytes)
1730338104.944660 sending message 112 to peer 0x150048000 (13 bytes)
1730338104.944663 sending message 112 to peer 0x150048000 (11 bytes)
1730338104.944666 sending message 112 to peer 0x150048000 (11 bytes)
1730338104.944670 sending message 112 to peer 0x150048000 (12 bytes)
1730338104.944673 sending message 112 to peer 0x150048000 (12 bytes)
1730338104.944676 sending message 112 to peer 0x150048000 (12 bytes)
1730338104.944679 sending message 112 to peer 0x150048000 (12 bytes)
1730338104.944682 sending message 112 to peer 0x150048000 (12 bytes)
1730338104.944685 sending message 112 to peer 0x150048000 (11 bytes)
1730338104.944688 sending message 112 to peer 0x150048000 (12 bytes)
1730338104.944691 sending message 112 to peer 0x150048000 (12 bytes)
1730338104.944694 sending message 112 to peer 0x150048000 (13 bytes)
1730338104.944697 sending message 112 to peer 0x150048000 (13 bytes)
1730338104.944700 sending message 112 to peer 0x150048000 (13 bytes)
1730338104.944703 sending message 112 to peer 0x150048000 (13 bytes)
1730338104.944706 sending message 112 to peer 0x150048000 (13 bytes)
1730338104.944709 sending message 112 to peer 0x150048000 (10 bytes)
1730338104.944712 sending message 112 to peer 0x150048000 (9 bytes)
1730338104.944716 sending message 112 to peer 0x150048000 (12 bytes)
1730338104.944719 sending message 112 to peer 0x150048000 (13 bytes)
1730338104.944722 sending message 112 to peer 0x150048000 (13 bytes)
1730338104.944725 sending message 112 to peer 0x150048000 (13 bytes)
1730338104.944728 sending message 112 to peer 0x150048000 (13 bytes)
1730338104.944731 sending message 112 to peer 0x150048000 (13 bytes)
1730338104.944734 sending message 112 to peer 0x150048000 (9 bytes)
1730338104.944737 sending message 112 to peer 0x150048000 (12 bytes)
1730338104.944740 sending message 112 to peer 0x150048000 (13 bytes)
1730338104.944743 sending message 112 to peer 0x150048000 (13 bytes)
1730338104.944746 sending message 112 to peer 0x150048000 (13 bytes)
1730338104.944749 sending message 112 to peer 0x150048000 (13 bytes)
1730338104.944759 sending message 112 to peer 0x150048000 (13 bytes)
1730338104.944762 sending message 112 to peer 0x150048000 (11 bytes)
1730338104.944765 sending message 112 to peer 0x150048000 (12 bytes)
1730338104.944768 sending message 112 to peer 0x150048000 (13 bytes)
1730338104.944771 sending message 112 to peer 0x150048000 (13 bytes)
1730338104.944774 sending message 112 to peer 0x150048000 (13 bytes)
1730338104.944777 sending message 112 to peer 0x150048000 (13 bytes)
1730338104.944780 sending message 112 to peer 0x150048000 (13 bytes)
1730338104.944783 sending message 112 to peer 0x150048000 (11 bytes)
1730338104.944786 sending message 112 to peer 0x150048000 (12 bytes)
1730338104.944790 sending message 112 to peer 0x150048000 (12 bytes)
1730338104.944793 sending message 112 to peer 0x150048000 (12 bytes)
1730338104.944796 sending message 112 to peer 0x150048000 (12 bytes)
1730338104.944799 sending message 112 to peer 0x150048000 (12 bytes)
1730338104.944802 sending message 112 to peer 0x150048000 (21 bytes)
1730338104.944805 sending message 112 to peer 0x150048000 (12 bytes)
1730338104.944808 sending message 112 to peer 0x150048000 (9 bytes)
1730338104.944811 sending message 112 to peer 0x150048000 (6 bytes)
1730338104.944814 sending message 112 to peer 0x150048000 (13 bytes)
1730338104.944817 sending message 112 to peer 0x150048000 (8 bytes)
1730338104.944820 sending message 112 to peer 0x150048000 (15 bytes)
1730338104.944823 sending message 112 to peer 0x150048000 (13 bytes)
1730338104.944826 sending message 112 to peer 0x150048000 (9 bytes)
1730338104.944829 sending message 112 to peer 0x150048000 (70 bytes)
1730338104.944833 sending message 112 to peer 0x150048000 (69 bytes)
1730338104.944836 sending message 112 to peer 0x150048000 (10 bytes)
1730338104.944839 sending message 112 to peer 0x150048000 (10 bytes)
1730338104.944842 sending message 112 to peer 0x150048000 (8 bytes)
1730338104.944845 sending message 112 to peer 0x150048000 (15 bytes)
1730338104.944848 sending message 112 to peer 0x150048000 (13 bytes)
1730338104.944851 sending message 112 to peer 0x150048000 (10 bytes)
1730338104.944854 sending message 112 to peer 0x150048000 (10 bytes)
1730338104.944857 sending message 112 to peer 0x150048000 (17 bytes)
1730338104.944860 sending message 112 to peer 0x150048000 (10 bytes)
1730338104.944863 sending message 112 to peer 0x150048000 (13 bytes)
1730338104.944866 sending message 112 to peer 0x150048000 (9 bytes)
1730338104.944869 sending message 112 to peer 0x150048000 (5 bytes)
1730338104.944872 sending message 112 to peer 0x150048000 (15 bytes)
1730338104.944876 sending message 104 to peer 0x150048000 (0 bytes)
1730338104.944882 sending message 110 to peer 0x150048000 (0 bytes)
1730338104.944885 sending message 107 to peer 0x150048000 (4 bytes)
1730338104.944889 sending message 105 to peer 0x150048000 (29 bytes)
1730338104.944892 sending message 105 to peer 0x150048000 (20 bytes)
1730338104.944895 sending message 105 to peer 0x150048000 (22 bytes)
1730338104.944898 sending message 105 to peer 0x150048000 (46 bytes)
1730338104.944901 sending message 105 to peer 0x150048000 (54 bytes)
1730338104.944907 sending message 105 to peer 0x150048000 (12 bytes)
1730338104.944911 sending message 105 to peer 0x150048000 (35 bytes)
1730338104.944914 sending message 105 to peer 0x150048000 (17 bytes)
1730338104.944917 sending message 105 to peer 0x150048000 (37 bytes)
1730338104.944920 sending message 105 to peer 0x150048000 (30 bytes)
1730338104.944923 sending message 105 to peer 0x150048000 (34 bytes)
1730338104.944926 sending message 105 to peer 0x150048000 (60 bytes)
1730338104.944929 sending message 105 to peer 0x150048000 (17 bytes)
1730338104.944932 sending message 105 to peer 0x150048000 (41 bytes)
1730338104.944935 sending message 105 to peer 0x150048000 (13 bytes)
1730338104.944938 sending message 105 to peer 0x150048000 (54 bytes)
1730338104.944941 sending message 105 to peer 0x150048000 (15 bytes)
1730338104.944944 sending message 105 to peer 0x150048000 (46 bytes)
1730338104.944958 sending message 105 to peer 0x150048000 (1409 bytes)
1730338104.944962 sending message 105 to peer 0x150048000 (43 bytes)
1730338104.944965 sending message 105 to peer 0x150048000 (24 bytes)
1730338104.944968 sending message 105 to peer 0x150048000 (15 bytes)
1730338104.944972 sending message 105 to peer 0x150048000 (8 bytes)
1730338104.944975 sending message 105 to peer 0x150048000 (14 bytes)
1730338104.944978 sending message 105 to peer 0x150048000 (66 bytes)
1730338104.944981 sending message 105 to peer 0x150048000 (38 bytes)
1730338104.944984 sending message 105 to peer 0x150048000 (19 bytes)
1730338104.944987 sending message 105 to peer 0x150048000 (19 bytes)
1730338104.944990 sending message 105 to peer 0x150048000 (18 bytes)
1730338104.944994 sending message 105 to peer 0x150048000 (25 bytes)
1730338104.944997 sending message 105 to peer 0x150048000 (57 bytes)
1730338104.945000 sending message 105 to peer 0x150048000 (42 bytes)
1730338104.945003 sending message 105 to peer 0x150048000 (13 bytes)
1730338104.945006 sending message 105 to peer 0x150048000 (52 bytes)
1730338104.945012 sending message 105 to peer 0x150048000 (10 bytes)
1730338104.945015 sending message 105 to peer 0x150048000 (47 bytes)
1730338104.945018 sending message 105 to peer 0x150048000 (60 bytes)
1730338104.945022 sending message 105 to peer 0x150048000 (72 bytes)
1730338104.945025 sending message 105 to peer 0x150048000 (64 bytes)
1730338104.945028 sending message 105 to peer 0x150048000 (15 bytes)
1730338104.945031 sending message 105 to peer 0x150048000 (67 bytes)
1730338104.945034 sending message 105 to peer 0x150048000 (14 bytes)
1730338104.945037 sending message 105 to peer 0x150048000 (19 bytes)
1730338104.945040 sending message 105 to peer 0x150048000 (44 bytes)
1730338104.945043 sending message 105 to peer 0x150048000 (39 bytes)
1730338104.945046 sending message 105 to peer 0x150048000 (519 bytes)
1730338104.945050 sending message 105 to peer 0x150048000 (1421 bytes)
1730338104.945053 sending message 105 to peer 0x150048000 (276 bytes)
1730338104.945056 sending message 105 to peer 0x150048000 (17 bytes)
1730338104.945059 sending message 105 to peer 0x150048000 (56 bytes)
1730338104.945062 sending message 105 to peer 0x150048000 (77 bytes)
1730338104.945065 sending message 105 to peer 0x150048000 (59 bytes)
1730338104.945069 sending message 105 to peer 0x150048000 (74 bytes)
1730338104.945072 sending message 105 to peer 0x150048000 (78 bytes)
1730338104.945075 sending message 105 to peer 0x150048000 (71 bytes)
1730338104.945078 sending message 105 to peer 0x150048000 (87 bytes)
1730338104.945084 sending message 105 to peer 0x150048000 (25 bytes)
1730338104.945087 sending message 106 to peer 0x150048000 (0 bytes)
1730338104.945157 sending message 200 to peer 0x150048000 (4 bytes)
1730338104.945162 client loop enter
1730338104.945378 peer 0x150048000 message 303
1730338104.945384 open write file 2 -
1730338104.945397 sending message 305 to peer 0x150048000 (8 bytes)
1730338104.945409 write check file 2
1730338104.945426 peer 0x150048000 message 304
1730338104.945430 write 58 to file 2
1730338104.945434 peer 0x150048000 message 203
1730338104.945438 file 2 58 bytes left
1730338104.945451 write check file 2
1730338104.945455 client loop exit
