1730338108.225925 client started (9273): version 3.4, socket /private/tmp/tmux-501/default, protocol 8
1730338108.226039 on Darwin 23.5.0 Darwin Kernel Version 23.5.0: Wed May  1 20:14:38 PDT 2024; root:xnu-10063.121.3~5/RELEASE_ARM64_T6020
1730338108.226054 using libevent 2.1.12-stable select
1730338108.226064 using utf8proc 2.9.0
1730338108.226072 using ncurses 6.5 20240427
1730338108.226094 flags are 0x18010000
1730338108.226100 socket is /private/tmp/tmux-501/default
1730338108.226117 trying connect
1730338108.226135 connect failed: Connection refused
1730338108.226158 lock file is /private/tmp/tmux-501/default.lock
1730338108.226262 flock succeeded
1730338108.226271 got lock (6)
1730338108.226278 trying connect
1730338108.226287 connect failed: Connection refused
1730338108.226674 add peer 0x110008000: 7 (0x0)
1730338108.229426 sending message 100 to peer 0x110008000 (4 bytes)
1730338108.229449 sending message 111 to peer 0x110008000 (8 bytes)
1730338108.229459 sending message 101 to peer 0x110008000 (15 bytes)
1730338108.229467 sending message 109 to peer 0x110008000 (4 bytes)
1730338108.229474 sending message 102 to peer 0x110008000 (13 bytes)
1730338108.229482 sending message 108 to peer 0x110008000 (39 bytes)
1730338108.229489 sending message 112 to peer 0x110008000 (58 bytes)
1730338108.229497 sending message 112 to peer 0x110008000 (5 bytes)
1730338108.229504 sending message 112 to peer 0x110008000 (5 bytes)
1730338108.229513 sending message 112 to peer 0x110008000 (6 bytes)
1730338108.229521 sending message 112 to peer 0x110008000 (6 bytes)
1730338108.229528 sending message 112 to peer 0x110008000 (11 bytes)
1730338108.229534 sending message 112 to peer 0x110008000 (10 bytes)
1730338108.229541 sending message 112 to peer 0x110008000 (13 bytes)
1730338108.229548 sending message 112 to peer 0x110008000 (14 bytes)
1730338108.229555 sending message 112 to peer 0x110008000 (19 bytes)
1730338108.229562 sending message 112 to peer 0x110008000 (11 bytes)
1730338108.229569 sending message 112 to peer 0x110008000 (10 bytes)
1730338108.229576 sending message 112 to peer 0x110008000 (15 bytes)
1730338108.229582 sending message 112 to peer 0x110008000 (21 bytes)
1730338108.229589 sending message 112 to peer 0x110008000 (13 bytes)
1730338108.229597 sending message 112 to peer 0x110008000 (7 bytes)
1730338108.229603 sending message 112 to peer 0x110008000 (13 bytes)
1730338108.229610 sending message 112 to peer 0x110008000 (7 bytes)
1730338108.229617 sending message 112 to peer 0x110008000 (13 bytes)
1730338108.229623 sending message 112 to peer 0x110008000 (9 bytes)
1730338108.229630 sending message 112 to peer 0x110008000 (21 bytes)
1730338108.229636 sending message 112 to peer 0x110008000 (13 bytes)
1730338108.229642 sending message 112 to peer 0x110008000 (9 bytes)
1730338108.229649 sending message 112 to peer 0x110008000 (16 bytes)
1730338108.229656 sending message 112 to peer 0x110008000 (13 bytes)
1730338108.229662 sending message 112 to peer 0x110008000 (9 bytes)
1730338108.229669 sending message 112 to peer 0x110008000 (9 bytes)
1730338108.229676 sending message 112 to peer 0x110008000 (12 bytes)
1730338108.229683 sending message 112 to peer 0x110008000 (8 bytes)
1730338108.229689 sending message 112 to peer 0x110008000 (8 bytes)
1730338108.229696 sending message 112 to peer 0x110008000 (13 bytes)
1730338108.229703 sending message 112 to peer 0x110008000 (7 bytes)
1730338108.229710 sending message 112 to peer 0x110008000 (7 bytes)
1730338108.229717 sending message 112 to peer 0x110008000 (9 bytes)
1730338108.229725 sending message 112 to peer 0x110008000 (9 bytes)
1730338108.229731 sending message 112 to peer 0x110008000 (15 bytes)
1730338108.229738 sending message 112 to peer 0x110008000 (13 bytes)
1730338108.229745 sending message 112 to peer 0x110008000 (12 bytes)
1730338108.229752 sending message 112 to peer 0x110008000 (8 bytes)
1730338108.229759 sending message 112 to peer 0x110008000 (14 bytes)
1730338108.229765 sending message 112 to peer 0x110008000 (11 bytes)
1730338108.229772 sending message 112 to peer 0x110008000 (9 bytes)
1730338108.229804 sending message 112 to peer 0x110008000 (10 bytes)
1730338108.229810 sending message 112 to peer 0x110008000 (10 bytes)
1730338108.229815 sending message 112 to peer 0x110008000 (10 bytes)
1730338108.229820 sending message 112 to peer 0x110008000 (10 bytes)
1730338108.229825 sending message 112 to peer 0x110008000 (11 bytes)
1730338108.229830 sending message 112 to peer 0x110008000 (12 bytes)
1730338108.229834 sending message 112 to peer 0x110008000 (12 bytes)
1730338108.229839 sending message 112 to peer 0x110008000 (12 bytes)
1730338108.229844 sending message 112 to peer 0x110008000 (12 bytes)
1730338108.229848 sending message 112 to peer 0x110008000 (12 bytes)
1730338108.229853 sending message 112 to peer 0x110008000 (11 bytes)
1730338108.229858 sending message 112 to peer 0x110008000 (11 bytes)
1730338108.229862 sending message 112 to peer 0x110008000 (12 bytes)
1730338108.229867 sending message 112 to peer 0x110008000 (12 bytes)
1730338108.229872 sending message 112 to peer 0x110008000 (12 bytes)
1730338108.229876 sending message 112 to peer 0x110008000 (12 bytes)
1730338108.229881 sending message 112 to peer 0x110008000 (12 bytes)
1730338108.229886 sending message 112 to peer 0x110008000 (9 bytes)
1730338108.229890 sending message 112 to peer 0x110008000 (12 bytes)
1730338108.229894 sending message 112 to peer 0x110008000 (13 bytes)
1730338108.229899 sending message 112 to peer 0x110008000 (13 bytes)
1730338108.229903 sending message 112 to peer 0x110008000 (13 bytes)
1730338108.229908 sending message 112 to peer 0x110008000 (13 bytes)
1730338108.229913 sending message 112 to peer 0x110008000 (13 bytes)
1730338108.229917 sending message 112 to peer 0x110008000 (8 bytes)
1730338108.229922 sending message 112 to peer 0x110008000 (11 bytes)
1730338108.229925 sending message 112 to peer 0x110008000 (11 bytes)
1730338108.229929 sending message 112 to peer 0x110008000 (11 bytes)
1730338108.229934 sending message 112 to peer 0x110008000 (12 bytes)
1730338108.229939 sending message 112 to peer 0x110008000 (12 bytes)
1730338108.229943 sending message 112 to peer 0x110008000 (12 bytes)
1730338108.229948 sending message 112 to peer 0x110008000 (12 bytes)
1730338108.229952 sending message 112 to peer 0x110008000 (13 bytes)
1730338108.229957 sending message 112 to peer 0x110008000 (13 bytes)
1730338108.229962 sending message 112 to peer 0x110008000 (13 bytes)
1730338108.229967 sending message 112 to peer 0x110008000 (8 bytes)
1730338108.229972 sending message 112 to peer 0x110008000 (13 bytes)
1730338108.229978 sending message 112 to peer 0x110008000 (13 bytes)
1730338108.229983 sending message 112 to peer 0x110008000 (13 bytes)
1730338108.229989 sending message 112 to peer 0x110008000 (13 bytes)
1730338108.229993 sending message 112 to peer 0x110008000 (13 bytes)
1730338108.229997 sending message 112 to peer 0x110008000 (12 bytes)
1730338108.230002 sending message 112 to peer 0x110008000 (12 bytes)
1730338108.230007 sending message 112 to peer 0x110008000 (12 bytes)
1730338108.230012 sending message 112 to peer 0x110008000 (12 bytes)
1730338108.230017 sending message 112 to peer 0x110008000 (13 bytes)
1730338108.230021 sending message 112 to peer 0x110008000 (8 bytes)
1730338108.230026 sending message 112 to peer 0x110008000 (13 bytes)
1730338108.230031 sending message 112 to peer 0x110008000 (13 bytes)
1730338108.230036 sending message 112 to peer 0x110008000 (13 bytes)
1730338108.230042 sending message 112 to peer 0x110008000 (13 bytes)
1730338108.230046 sending message 112 to peer 0x110008000 (13 bytes)
1730338108.230050 sending message 112 to peer 0x110008000 (13 bytes)
1730338108.230055 sending message 112 to peer 0x110008000 (13 bytes)
1730338108.230059 sending message 112 to peer 0x110008000 (12 bytes)
1730338108.230064 sending message 112 to peer 0x110008000 (12 bytes)
1730338108.230069 sending message 112 to peer 0x110008000 (12 bytes)
1730338108.230073 sending message 112 to peer 0x110008000 (8 bytes)
1730338108.230078 sending message 112 to peer 0x110008000 (12 bytes)
1730338108.230082 sending message 112 to peer 0x110008000 (13 bytes)
1730338108.230096 sending message 112 to peer 0x110008000 (13 bytes)
1730338108.230101 sending message 112 to peer 0x110008000 (13 bytes)
1730338108.230106 sending message 112 to peer 0x110008000 (13 bytes)
1730338108.230111 sending message 112 to peer 0x110008000 (13 bytes)
1730338108.230116 sending message 112 to peer 0x110008000 (13 bytes)
1730338108.230121 sending message 112 to peer 0x110008000 (13 bytes)
1730338108.230126 sending message 112 to peer 0x110008000 (13 bytes)
1730338108.230130 sending message 112 to peer 0x110008000 (12 bytes)
1730338108.230135 sending message 112 to peer 0x110008000 (10 bytes)
1730338108.230140 sending message 112 to peer 0x110008000 (12 bytes)
1730338108.230144 sending message 112 to peer 0x110008000 (12 bytes)
1730338108.230149 sending message 112 to peer 0x110008000 (12 bytes)
1730338108.230154 sending message 112 to peer 0x110008000 (13 bytes)
1730338108.230159 sending message 112 to peer 0x110008000 (13 bytes)
1730338108.230163 sending message 112 to peer 0x110008000 (13 bytes)
1730338108.230168 sending message 112 to peer 0x110008000 (13 bytes)
1730338108.230173 sending message 112 to peer 0x110008000 (13 bytes)
1730338108.230177 sending message 112 to peer 0x110008000 (13 bytes)
1730338108.230182 sending message 112 to peer 0x110008000 (13 bytes)
1730338108.230186 sending message 112 to peer 0x110008000 (10 bytes)
1730338108.230191 sending message 112 to peer 0x110008000 (13 bytes)
1730338108.230196 sending message 112 to peer 0x110008000 (12 bytes)
1730338108.230201 sending message 112 to peer 0x110008000 (12 bytes)
1730338108.230206 sending message 112 to peer 0x110008000 (12 bytes)
1730338108.230210 sending message 112 to peer 0x110008000 (10 bytes)
1730338108.230216 sending message 112 to peer 0x110008000 (10 bytes)
1730338108.230221 sending message 112 to peer 0x110008000 (10 bytes)
1730338108.230225 sending message 112 to peer 0x110008000 (12 bytes)
1730338108.230230 sending message 112 to peer 0x110008000 (13 bytes)
1730338108.230235 sending message 112 to peer 0x110008000 (13 bytes)
1730338108.230240 sending message 112 to peer 0x110008000 (13 bytes)
1730338108.230244 sending message 112 to peer 0x110008000 (13 bytes)
1730338108.230249 sending message 112 to peer 0x110008000 (13 bytes)
1730338108.230254 sending message 112 to peer 0x110008000 (10 bytes)
1730338108.230258 sending message 112 to peer 0x110008000 (11 bytes)
1730338108.230263 sending message 112 to peer 0x110008000 (12 bytes)
1730338108.230267 sending message 112 to peer 0x110008000 (12 bytes)
1730338108.230272 sending message 112 to peer 0x110008000 (12 bytes)
1730338108.230277 sending message 112 to peer 0x110008000 (12 bytes)
1730338108.230281 sending message 112 to peer 0x110008000 (12 bytes)
1730338108.230286 sending message 112 to peer 0x110008000 (11 bytes)
1730338108.230291 sending message 112 to peer 0x110008000 (12 bytes)
1730338108.230294 sending message 112 to peer 0x110008000 (12 bytes)
1730338108.230298 sending message 112 to peer 0x110008000 (13 bytes)
1730338108.230301 sending message 112 to peer 0x110008000 (13 bytes)
1730338108.230306 sending message 112 to peer 0x110008000 (13 bytes)
1730338108.230310 sending message 112 to peer 0x110008000 (13 bytes)
1730338108.230314 sending message 112 to peer 0x110008000 (13 bytes)
1730338108.230319 sending message 112 to peer 0x110008000 (10 bytes)
1730338108.230323 sending message 112 to peer 0x110008000 (9 bytes)
1730338108.230328 sending message 112 to peer 0x110008000 (12 bytes)
1730338108.230332 sending message 112 to peer 0x110008000 (13 bytes)
1730338108.230336 sending message 112 to peer 0x110008000 (13 bytes)
1730338108.230341 sending message 112 to peer 0x110008000 (13 bytes)
1730338108.230344 sending message 112 to peer 0x110008000 (13 bytes)
1730338108.230349 sending message 112 to peer 0x110008000 (13 bytes)
1730338108.230354 sending message 112 to peer 0x110008000 (9 bytes)
1730338108.230358 sending message 112 to peer 0x110008000 (12 bytes)
1730338108.230363 sending message 112 to peer 0x110008000 (13 bytes)
1730338108.230375 sending message 112 to peer 0x110008000 (13 bytes)
1730338108.230379 sending message 112 to peer 0x110008000 (13 bytes)
1730338108.230384 sending message 112 to peer 0x110008000 (13 bytes)
1730338108.230388 sending message 112 to peer 0x110008000 (13 bytes)
1730338108.230392 sending message 112 to peer 0x110008000 (11 bytes)
1730338108.230395 sending message 112 to peer 0x110008000 (12 bytes)
1730338108.230400 sending message 112 to peer 0x110008000 (13 bytes)
1730338108.230405 sending message 112 to peer 0x110008000 (13 bytes)
1730338108.230409 sending message 112 to peer 0x110008000 (13 bytes)
1730338108.230413 sending message 112 to peer 0x110008000 (13 bytes)
1730338108.230418 sending message 112 to peer 0x110008000 (13 bytes)
1730338108.230423 sending message 112 to peer 0x110008000 (11 bytes)
1730338108.230427 sending message 112 to peer 0x110008000 (12 bytes)
1730338108.230432 sending message 112 to peer 0x110008000 (12 bytes)
1730338108.230437 sending message 112 to peer 0x110008000 (12 bytes)
1730338108.230441 sending message 112 to peer 0x110008000 (12 bytes)
1730338108.230446 sending message 112 to peer 0x110008000 (12 bytes)
1730338108.230451 sending message 112 to peer 0x110008000 (21 bytes)
1730338108.230455 sending message 112 to peer 0x110008000 (12 bytes)
1730338108.230461 sending message 112 to peer 0x110008000 (9 bytes)
1730338108.230466 sending message 112 to peer 0x110008000 (6 bytes)
1730338108.230471 sending message 112 to peer 0x110008000 (13 bytes)
1730338108.230476 sending message 112 to peer 0x110008000 (10 bytes)
1730338108.230481 sending message 112 to peer 0x110008000 (24 bytes)
1730338108.230486 sending message 112 to peer 0x110008000 (13 bytes)
1730338108.230491 sending message 112 to peer 0x110008000 (9 bytes)
1730338108.230496 sending message 112 to peer 0x110008000 (70 bytes)
1730338108.230501 sending message 112 to peer 0x110008000 (69 bytes)
1730338108.230507 sending message 112 to peer 0x110008000 (12 bytes)
1730338108.230511 sending message 112 to peer 0x110008000 (10 bytes)
1730338108.230517 sending message 112 to peer 0x110008000 (10 bytes)
1730338108.230521 sending message 112 to peer 0x110008000 (24 bytes)
1730338108.230526 sending message 112 to peer 0x110008000 (13 bytes)
1730338108.230530 sending message 112 to peer 0x110008000 (10 bytes)
1730338108.230535 sending message 112 to peer 0x110008000 (10 bytes)
1730338108.230539 sending message 112 to peer 0x110008000 (10 bytes)
1730338108.230544 sending message 112 to peer 0x110008000 (13 bytes)
1730338108.230548 sending message 112 to peer 0x110008000 (15 bytes)
1730338108.230553 sending message 112 to peer 0x110008000 (5 bytes)
1730338108.230559 sending message 104 to peer 0x110008000 (0 bytes)
1730338108.230565 sending message 110 to peer 0x110008000 (0 bytes)
1730338108.230569 sending message 107 to peer 0x110008000 (4 bytes)
1730338108.230574 sending message 105 to peer 0x110008000 (20 bytes)
1730338108.230577 sending message 105 to peer 0x110008000 (22 bytes)
1730338108.230582 sending message 105 to peer 0x110008000 (17 bytes)
1730338108.230586 sending message 105 to peer 0x110008000 (17 bytes)
1730338108.230591 sending message 105 to peer 0x110008000 (13 bytes)
1730338108.230597 sending message 105 to peer 0x110008000 (54 bytes)
1730338108.230602 sending message 105 to peer 0x110008000 (1317 bytes)
1730338108.230608 sending message 105 to peer 0x110008000 (24 bytes)
1730338108.230614 sending message 105 to peer 0x110008000 (15 bytes)
1730338108.230619 sending message 105 to peer 0x110008000 (66 bytes)
1730338108.230624 sending message 105 to peer 0x110008000 (20 bytes)
1730338108.230629 sending message 105 to peer 0x110008000 (21 bytes)
1730338108.230634 sending message 105 to peer 0x110008000 (46 bytes)
1730338108.230639 sending message 105 to peer 0x110008000 (57 bytes)
1730338108.230644 sending message 105 to peer 0x110008000 (10 bytes)
1730338108.230649 sending message 105 to peer 0x110008000 (47 bytes)
1730338108.230654 sending message 105 to peer 0x110008000 (60 bytes)
1730338108.230669 sending message 105 to peer 0x110008000 (72 bytes)
1730338108.230674 sending message 105 to peer 0x110008000 (64 bytes)
1730338108.230678 sending message 105 to peer 0x110008000 (15 bytes)
1730338108.230683 sending message 105 to peer 0x110008000 (67 bytes)
1730338108.230688 sending message 105 to peer 0x110008000 (14 bytes)
1730338108.230693 sending message 105 to peer 0x110008000 (19 bytes)
1730338108.230697 sending message 105 to peer 0x110008000 (44 bytes)
1730338108.230702 sending message 105 to peer 0x110008000 (39 bytes)
1730338108.230706 sending message 105 to peer 0x110008000 (8 bytes)
1730338108.230710 sending message 105 to peer 0x110008000 (43 bytes)
1730338108.230715 sending message 105 to peer 0x110008000 (38 bytes)
1730338108.230719 sending message 105 to peer 0x110008000 (29 bytes)
1730338108.230724 sending message 105 to peer 0x110008000 (41 bytes)
1730338108.230729 sending message 105 to peer 0x110008000 (46 bytes)
1730338108.230740 sending message 105 to peer 0x110008000 (12 bytes)
1730338108.230745 sending message 105 to peer 0x110008000 (14 bytes)
1730338108.230753 sending message 105 to peer 0x110008000 (54 bytes)
1730338108.230756 sending message 105 to peer 0x110008000 (30 bytes)
1730338108.230760 sending message 105 to peer 0x110008000 (37 bytes)
1730338108.230765 sending message 105 to peer 0x110008000 (34 bytes)
1730338108.230769 sending message 105 to peer 0x110008000 (35 bytes)
1730338108.230773 sending message 105 to peer 0x110008000 (19 bytes)
1730338108.230777 sending message 105 to peer 0x110008000 (38 bytes)
1730338108.230782 sending message 105 to peer 0x110008000 (15 bytes)
1730338108.230785 sending message 105 to peer 0x110008000 (629 bytes)
1730338108.230789 sending message 105 to peer 0x110008000 (35 bytes)
1730338108.230793 sending message 105 to peer 0x110008000 (519 bytes)
1730338108.230796 sending message 105 to peer 0x110008000 (276 bytes)
1730338108.230799 sending message 105 to peer 0x110008000 (77 bytes)
1730338108.230803 sending message 105 to peer 0x110008000 (59 bytes)
1730338108.230807 sending message 105 to peer 0x110008000 (74 bytes)
1730338108.230811 sending message 105 to peer 0x110008000 (56 bytes)
1730338108.230814 sending message 105 to peer 0x110008000 (71 bytes)
1730338108.230819 sending message 105 to peer 0x110008000 (87 bytes)
1730338108.230823 sending message 105 to peer 0x110008000 (78 bytes)
1730338108.230827 sending message 105 to peer 0x110008000 (25 bytes)
1730338108.230832 sending message 106 to peer 0x110008000 (0 bytes)
1730338108.230884 sending message 200 to peer 0x110008000 (4 bytes)
1730338108.230890 client loop enter
1730338108.230908 client_signal: Child exited: 20
1730338108.412668 peer 0x110008000 message 207
1730338108.412679 sending message 208 to peer 0x110008000 (0 bytes)
1730338110.549311 peer 0x110008000 message 203
1730338110.549343 sending message 205 to peer 0x110008000 (0 bytes)
1730338110.549736 peer 0x110008000 message 204
1730338110.549759 client loop exit
